<?xml version="1.0" encoding="UTF-8"?>
<!-- Generated by org.testng.reporters.JUnitReportReporter -->
<testsuite skipped="0" hostname="Ajit-pc" name="com.franconnect.test.Check" tests="1" failures="0" timestamp="08 May 2019 04:38:22 GMT" time="0.010" errors="0">
  <testcase name="demo" time="0.010" classname="com.franconnect.test.Check"/>
</testsuite> <!-- com.franconnect.test.Check -->
