<?xml version="1.0" encoding="UTF-8"?>
<!-- Generated by org.testng.reporters.JUnitReportReporter -->
<testsuite skipped="0" hostname="Raman-PC" name="com.franconnect.test.TestGuru99MultipleSession" tests="3" failures="0" timestamp="12 Dec 2018 05:12:17 GMT" time="13.144" errors="0">
  <testcase name="executSessionThree" time="5.978" classname="com.franconnect.test.TestGuru99MultipleSession"/>
  <testcase name="executSessionOne" time="5.387" classname="com.franconnect.test.TestGuru99MultipleSession"/>
  <testcase name="executeSessionTwo" time="1.779" classname="com.franconnect.test.TestGuru99MultipleSession"/>
</testsuite> <!-- com.franconnect.test.TestGuru99MultipleSession -->
