<?xml version="1.0" encoding="UTF-8"?>
<!-- Generated by org.testng.reporters.JUnitReportReporter -->
<testsuite skipped="0" hostname="Raman-PC" name="com.franconnect.test.Check" tests="1" failures="0" timestamp="10 Dec 2018 10:08:19 GMT" time="0.013" errors="0">
  <testcase name="demo" time="0.013" classname="com.franconnect.test.Check"/>
</testsuite> <!-- com.franconnect.test.Check -->
