<?xml version="1.0" encoding="UTF-8"?>
<!-- Generated by org.testng.reporters.JUnitReportReporter -->
<testsuite hostname="Raman-PC" name="com.franconnect.test.TestGuru99MultipleSession" tests="3" failures="0" timestamp="12 Dec 2018 05:34:30 GMT" time="8.530" errors="0">
  <testcase name="executeSessionTwo" time="1.395" classname="com.franconnect.test.TestGuru99MultipleSession"/>
  <testcase name="executSessionThree" time="1.922" classname="com.franconnect.test.TestGuru99MultipleSession"/>
  <testcase name="executSessionOne" time="5.213" classname="com.franconnect.test.TestGuru99MultipleSession"/>
</testsuite> <!-- com.franconnect.test.TestGuru99MultipleSession -->
